{
  "stats": {
    "suites": 1,
    "tests": 5,
    "passes": 5,
    "pending": 0,
    "failures": 0,
    "start": "2021-07-20T11:05:41.987Z",
    "end": "2021-07-20T11:05:57.142Z",
    "duration": 15155,
    "testsRegistered": 5,
    "passPercent": 100,
    "pendingPercent": 0,
    "other": 0,
    "hasOther": false,
    "skipped": 0,
    "hasSkipped": false
  },
  "results": [
    {
      "uuid": "d5d911fc-ed81-4493-9188-fbab5425f409",
      "title": "",
      "fullFile": "cypress/integration/tests/ta_2.spec.js",
      "file": "cypress/integration/tests/ta_2.spec.js",
      "beforeHooks": [],
      "afterHooks": [],
      "tests": [],
      "suites": [
        {
          "uuid": "e0852783-6337-49c5-8bc4-de0643a3e44f",
          "title": "paso 1",
          "fullFile": "",
          "file": "",
          "beforeHooks": [],
          "afterHooks": [],
          "tests": [
            {
              "title": "Should login succesfully and show the welcome message",
              "fullTitle": "paso 1 Should login succesfully and show the welcome message",
              "timedOut": null,
              "duration": 4009,
              "state": "passed",
              "speed": "slow",
              "pass": true,
              "fail": false,
              "pending": false,
              "context": null,
              "code": "// Visita al portal\ncy.visit(WSC_URL_DEV); // Verificando existencia del titulo en el home\ncy.get('.page-title').should('have.text', 'Bienvenido a WSC');",
              "err": {},
              "uuid": "eea997d1-4e5a-4842-ba03-273d8a539ea3",
              "parentUUID": "e0852783-6337-49c5-8bc4-de0643a3e44f",
              "isHook": false,
              "skipped": false
            },
            {
              "title": "Should login succesfully and show the environment name",
              "fullTitle": "paso 1 Should login succesfully and show the environment name",
              "timedOut": null,
              "duration": 481,
              "state": "passed",
              "speed": "slow",
              "pass": true,
              "fail": false,
              "pending": false,
              "context": null,
              "code": "// Visita al portal\n// Verificando existencia del titulo en el home\ncy.get('.title-environment.ng-star-inserted').should('have.text', Cypress.config(\"K8Enviroment\"));",
              "err": {},
              "uuid": "f1b222b2-5fbd-48ce-afae-8b91978d53ef",
              "parentUUID": "e0852783-6337-49c5-8bc4-de0643a3e44f",
              "isHook": false,
              "skipped": false
            },
            {
              "title": "Should login succesfully and show the web app version",
              "fullTitle": "paso 1 Should login succesfully and show the web app version",
              "timedOut": null,
              "duration": 957,
              "state": "passed",
              "speed": "slow",
              "pass": true,
              "fail": false,
              "pending": false,
              "context": null,
              "code": "// Visita al portal\ncy.visit(\"/\"); // Verificando existencia del titulo en el home\ncy.get('.title-version').should('have.text', STR_VERSION);",
              "err": {},
              "uuid": "c5f366ab-8a3d-46a0-8cb4-9b663cb086f5",
              "parentUUID": "e0852783-6337-49c5-8bc4-de0643a3e44f",
              "isHook": false,
              "skipped": false
            },
            {
              "title": "Should login succesfully, unfold the side menu and fold it again",
              "fullTitle": "paso 1 Should login succesfully, unfold the side menu and fold it again",
              "timedOut": null,
              "duration": 4969,
              "state": "passed",
              "speed": "slow",
              "pass": true,
              "fail": false,
              "pending": false,
              "context": null,
              "code": "// Visita al portal\ncy.visit(\"/\");\ncy.wait(2000); // Desplegando el menú lateral\ncy.get('[src=\"assets/menu/menu.svg\"]').click();\ncy.wait(2000); // Plegando el menú lateral\ncy.get('[src=\"assets/menu/active.svg\"]').click();",
              "err": {},
              "uuid": "d1f407a5-fe89-4580-981f-81ffe4495efb",
              "parentUUID": "e0852783-6337-49c5-8bc4-de0643a3e44f",
              "isHook": false,
              "skipped": false
            },
            {
              "title": "Should login and go to the Volumen Baseline home",
              "fullTitle": "paso 1 Should login and go to the Volumen Baseline home",
              "timedOut": null,
              "duration": 4667,
              "state": "passed",
              "speed": "slow",
              "pass": true,
              "fail": false,
              "pending": false,
              "context": null,
              "code": "// Visita al portal\ncy.visit(WSC_URL_DEV);\ncy.wait(2000); // Desplegando el menú lateral\ncy.get('[src=\"assets/menu/fuentes.svg\"]').click();\ncy.wait(2000); // Plegando el menú lateral\ncy.get('[tabindex=\"0\"]').click();",
              "err": {},
              "uuid": "bc399744-15f6-46c3-9921-f21bba6c6d6f",
              "parentUUID": "e0852783-6337-49c5-8bc4-de0643a3e44f",
              "isHook": false,
              "skipped": false
            }
          ],
          "suites": [],
          "passes": [
            "eea997d1-4e5a-4842-ba03-273d8a539ea3",
            "f1b222b2-5fbd-48ce-afae-8b91978d53ef",
            "c5f366ab-8a3d-46a0-8cb4-9b663cb086f5",
            "d1f407a5-fe89-4580-981f-81ffe4495efb",
            "bc399744-15f6-46c3-9921-f21bba6c6d6f"
          ],
          "failures": [],
          "pending": [],
          "skipped": [],
          "duration": 15083,
          "root": false,
          "rootEmpty": false,
          "_timeout": 2000
        }
      ],
      "passes": [],
      "failures": [],
      "pending": [],
      "skipped": [],
      "duration": 0,
      "root": true,
      "rootEmpty": true,
      "_timeout": 2000
    }
  ],
  "meta": {
    "mocha": {
      "version": "7.0.1"
    },
    "mochawesome": {
      "options": {
        "quiet": false,
        "reportFilename": "mochawesome",
        "saveHtml": true,
        "saveJson": true,
        "consoleReporter": "spec",
        "useInlineDiffs": false,
        "code": true
      },
      "version": "6.2.2"
    },
    "marge": {
      "options": {
        "overwrite": false,
        "html": true,
        "json": true
      },
      "version": "5.2.0"
    }
  }
}