{
  "stats": {
    "suites": 1,
    "tests": 1,
    "passes": 0,
    "pending": 0,
    "failures": 1,
    "start": "2021-07-20T11:40:30.274Z",
    "end": "2021-07-20T11:40:34.241Z",
    "duration": 3967,
    "testsRegistered": 1,
    "passPercent": 0,
    "pendingPercent": 0,
    "other": 0,
    "hasOther": false,
    "skipped": 0,
    "hasSkipped": false
  },
  "results": [
    {
      "uuid": "994d5184-943f-46e8-8d54-f4a914dcb8ca",
      "title": "",
      "fullFile": "cypress/integration/tests/ta_1.spec.js",
      "file": "cypress/integration/tests/ta_1.spec.js",
      "beforeHooks": [],
      "afterHooks": [],
      "tests": [],
      "suites": [
        {
          "uuid": "512d4a51-de51-49f4-aebf-4f2d42b55d86",
          "title": "paso 1",
          "fullFile": "",
          "file": "",
          "beforeHooks": [],
          "afterHooks": [],
          "tests": [
            {
              "title": "Should login succesfully and show the welcome message",
              "fullTitle": "paso 1 Should login succesfully and show the welcome message",
              "timedOut": null,
              "duration": 3838,
              "state": "failed",
              "speed": null,
              "pass": false,
              "fail": true,
              "pending": false,
              "context": null,
              "code": "// Visita al portal\ncy.visit(WSC_URL_DEV); // Verificando existencia del titulo en el home\ncy.get('.page-title').should('have.text', 'Bienvenido a WSC');",
              "err": {
                "message": "CypressError: `cy.visit()` failed because you are attempting to visit a URL that is of a different origin.\n\nThe new URL is considered a different origin because the following parts of the URL are different:\n\n  > protocol, port, superdomain\n\nYou may only `cy.visit()` same-origin URLs within a single test.\n\nThe previous URL you visited was:\n\n  > 'https://abi-las-fe-wsc-dev.dev.abinbev-las.com'\n\nYou're attempting to visit this URL:\n\n  > 'http://localhost:4200'\n\nYou may need to restructure some of your test code to avoid this problem.\n\nhttps://on.cypress.io/cannot-visit-different-origin-domain",
                "estack": "CypressError: `cy.visit()` failed because you are attempting to visit a URL that is of a different origin.\n\nThe new URL is considered a different origin because the following parts of the URL are different:\n\n  > protocol, port, superdomain\n\nYou may only `cy.visit()` same-origin URLs within a single test.\n\nThe previous URL you visited was:\n\n  > 'https://abi-las-fe-wsc-dev.dev.abinbev-las.com'\n\nYou're attempting to visit this URL:\n\n  > 'http://localhost:4200'\n\nYou may need to restructure some of your test code to avoid this problem.\n\nhttps://on.cypress.io/cannot-visit-different-origin-domain\n    at cannotVisitDifferentOrigin (https://abi-las-fe-wsc-dev.dev.abinbev-las.com/__cypress/runner/cypress_runner.js:139582:13)\n    at go (https://abi-las-fe-wsc-dev.dev.abinbev-las.com/__cypress/runner/cypress_runner.js:140368:18)\n    at visit (https://abi-las-fe-wsc-dev.dev.abinbev-las.com/__cypress/runner/cypress_runner.js:140556:16)\n    at Context.visit (https://abi-las-fe-wsc-dev.dev.abinbev-las.com/__cypress/runner/cypress_runner.js:140559:14)\nFrom Your Spec Code:\n    at Context.eval (https://abi-las-fe-wsc-dev.dev.abinbev-las.com/__cypress/tests?p=cypress\\integration\\tests\\ta_1.spec.js:111:8)",
                "diff": null
              },
              "uuid": "05ea4d96-4319-4887-86a8-c9adda41a0c4",
              "parentUUID": "512d4a51-de51-49f4-aebf-4f2d42b55d86",
              "isHook": false,
              "skipped": false
            }
          ],
          "suites": [],
          "passes": [],
          "failures": [
            "05ea4d96-4319-4887-86a8-c9adda41a0c4"
          ],
          "pending": [],
          "skipped": [],
          "duration": 3838,
          "root": false,
          "rootEmpty": false,
          "_timeout": 2000
        }
      ],
      "passes": [],
      "failures": [],
      "pending": [],
      "skipped": [],
      "duration": 0,
      "root": true,
      "rootEmpty": true,
      "_timeout": 2000
    }
  ],
  "meta": {
    "mocha": {
      "version": "7.0.1"
    },
    "mochawesome": {
      "options": {
        "quiet": false,
        "reportFilename": "mochawesome",
        "saveHtml": true,
        "saveJson": true,
        "consoleReporter": "spec",
        "useInlineDiffs": false,
        "code": true
      },
      "version": "6.2.2"
    },
    "marge": {
      "options": {
        "overwrite": false,
        "html": true,
        "json": true
      },
      "version": "5.2.0"
    }
  }
}